Build started 9/3/2020 6:47:55 PM.
Logging verbosity is set to: Normal.     1>Project "C:\Programming\Utilogeny\test\UtilogenyTest\UtilogenyTest.vcxproj" on node 3 (Rebuild target(s)).
     1>_PrepareForClean:
         Deleting file "x64\Debug\UtilogenyTest.tlog\UtilogenyTest.lastbuildstate".
       InitializeBuildStatus:
         Touching "x64\Debug\UtilogenyTest.tlog\unsuccessfulbuild".
       VcpkgTripletSelection:
         Using triplet "x64-windows" from "C:\Programming\lib\vcpkg\installed\x64-windows\"
       ClCompile:
         C:\Program Files (x86)\Microsoft Visual Studio\2019\Community\VC\Tools\MSVC\14.27.29110\bin\HostX86\x64\CL.exe /c /I"C:\Programming\RNA-see\..\\" /I"C:\Programming\RNA-see\\" /I"C:\Programming\RNA-see\lib\\" /I"C:\Programming\RNA-see\lib\range-v3-0.10.0\include" /I"C:\Programming\RNA-see\lib\OpenBLAS-0.3.7-x64\include" /I. /I.\resources /I.\GeneratedFiles\Debug /I.\GeneratedFiles /I"C:\Program Files\ArrayFire\v3/include" /IC:\Programming\Utilogeny\test\UtilogenyTest\include /I"C:\Programming\RNA-see\packages\Microsoft.googletest.v140.windesktop.msvcstl.static.rt-dyn.1.8.1.3\build\native\include" /I"C:\Programming\lib\vcpkg\installed\x64-windows\include" /Zi /nologo /W3 /WX- /diagnostics:column /Od /D X64 /D _DEBUG /D _CONSOLE /D _UNICODE /D UNICODE /Gm- /EHsc /RTC1 /MDd /GS /Zc:wchar_t /Zc:forScope /Zc:inline /Yc"pch.h" /Fp"x64\Debug\UtilogenyTest.pch" /Fo"x64\Debug\\" /Fd"x64\Debug\vc142.pdb" /Gd /TP /FC /errorReport:prompt pch.cpp
         pch.cpp
         C:\Program Files (x86)\Microsoft Visual Studio\2019\Community\VC\Tools\MSVC\14.27.29110\bin\HostX86\x64\CL.exe /c /I"C:\Programming\RNA-see\..\\" /I"C:\Programming\RNA-see\\" /I"C:\Programming\RNA-see\lib\\" /I"C:\Programming\RNA-see\lib\range-v3-0.10.0\include" /I"C:\Programming\RNA-see\lib\OpenBLAS-0.3.7-x64\include" /I. /I.\resources /I.\GeneratedFiles\Debug /I.\GeneratedFiles /I"C:\Program Files\ArrayFire\v3/include" /IC:\Programming\Utilogeny\test\UtilogenyTest\include /I"C:\Programming\RNA-see\packages\Microsoft.googletest.v140.windesktop.msvcstl.static.rt-dyn.1.8.1.3\build\native\include" /I"C:\Programming\lib\vcpkg\installed\x64-windows\include" /Zi /nologo /W3 /WX- /diagnostics:column /Od /D X64 /D _DEBUG /D _CONSOLE /D _UNICODE /D UNICODE /Gm- /EHsc /RTC1 /MDd /GS /Zc:wchar_t /Zc:forScope /Zc:inline /Yu"pch.h" /Fp"x64\Debug\UtilogenyTest.pch" /Fo"x64\Debug\\" /Fd"x64\Debug\vc142.pdb" /Gd /TP /FC /errorReport:prompt test.cpp
         test.cpp
       Link:
         C:\Program Files (x86)\Microsoft Visual Studio\2019\Community\VC\Tools\MSVC\14.27.29110\bin\HostX86\x64\link.exe /ERRORREPORT:PROMPT /OUT:"C:\Programming\RNA-see\x64\Debug\UtilogenyTest.exe" /NOLOGO /LIBPATH:"C:\Programming\RNA-see\build\x64\Debug\lib\\" "Utilogeny.libC:\Programming\Utilogeny\test\UtilogenyTest\..\..\lib\native\v140\windesktop\msvcstl\static\rt-dyn\x64\Debug\gtest_maind.lib" "C:\Programming\RNA-see\packages\Microsoft.googletest.v140.windesktop.msvcstl.static.rt-dyn.1.8.1.3\build\native\..\..\lib\native\v140\windesktop\msvcstl\static\rt-dyn\x64\Debug\gtest_maind.lib" "C:\Programming\RNA-see\packages\Microsoft.googletest.v140.windesktop.msvcstl.static.rt-dyn.1.8.1.3\build\native\..\..\lib\native\v140\windesktop\msvcstl\static\rt-dyn\x64\Debug\gtestd.lib" kernel32.lib user32.lib gdi32.lib winspool.lib comdlg32.lib advapi32.lib shell32.lib ole32.lib oleaut32.lib uuid.lib odbc32.lib odbccp32.lib "C:\Programming\lib\vcpkg\installed\x64-windows\debug\lib\*.lib" /MANIFEST /MANIFESTUAC:"level='asInvoker' uiAccess='false'" /manifest:embed /DEBUG /PDB:"C:\Programming\RNA-see\x64\Debug\UtilogenyTest.pdb" /SUBSYSTEM:CONSOLE /TLBID:1 /DYNAMICBASE /NXCOMPAT /IMPLIB:"C:\Programming\RNA-see\x64\Debug\UtilogenyTest.lib" /MACHINE:X64 x64\Debug\test.obj
         x64\Debug\pch.obj
         "C:\Programming\RNA-see\build\x64\Debug\lib\Utilogeny.lib"
     1>LINK : fatal error LNK1104: cannot open file 'Utilogeny.libC:\Programming\Utilogeny\test\UtilogenyTest\..\..\lib\native\v140\windesktop\msvcstl\static\rt-dyn\x64\Debug\gtest_maind.lib'
     1>Done Building Project "C:\Programming\Utilogeny\test\UtilogenyTest\UtilogenyTest.vcxproj" (Rebuild target(s)) -- FAILED.

Build FAILED.

       "C:\Programming\Utilogeny\test\UtilogenyTest\UtilogenyTest.vcxproj" (Rebuild target) (1) ->
       (Link target) -> 
         LINK : fatal error LNK1104: cannot open file 'Utilogeny.libC:\Programming\Utilogeny\test\UtilogenyTest\..\..\lib\native\v140\windesktop\msvcstl\static\rt-dyn\x64\Debug\gtest_maind.lib'

    0 Warning(s)
    1 Error(s)

Time Elapsed 00:00:02.03
